<?xml version="1.0" encoding="UTF-8"?>
<testsuite name="com.spring.boot.e2e.Spring.Boot.E2E.SpringBootE2EApplicationTests" tests="1" skipped="0" failures="0" errors="0" timestamp="2020-01-06T02:20:01" hostname="A.local" time="0.352">
  <properties/>
  <testcase name="contextLoads()" classname="com.spring.boot.e2e.Spring.Boot.E2E.SpringBootE2EApplicationTests" time="0.352"/>
  <system-out><![CDATA[10:19:58.689 [Test worker] DEBUG org.springframework.test.context.BootstrapUtils - Instantiating CacheAwareContextLoaderDelegate from class [org.springframework.test.context.cache.DefaultCacheAwareContextLoaderDelegate]
10:19:58.709 [Test worker] DEBUG org.springframework.test.context.BootstrapUtils - Instantiating BootstrapContext using constructor [public org.springframework.test.context.support.DefaultBootstrapContext(java.lang.Class,org.springframework.test.context.CacheAwareContextLoaderDelegate)]
10:19:58.740 [Test worker] DEBUG org.springframework.test.context.BootstrapUtils - Instantiating TestContextBootstrapper for test class [com.spring.boot.e2e.Spring.Boot.E2E.SpringBootE2EApplicationTests] from class [org.springframework.boot.test.context.SpringBootTestContextBootstrapper]
10:19:58.758 [Test worker] INFO org.springframework.boot.test.context.SpringBootTestContextBootstrapper - Neither @ContextConfiguration nor @ContextHierarchy found for test class [com.spring.boot.e2e.Spring.Boot.E2E.SpringBootE2EApplicationTests], using SpringBootContextLoader
10:19:58.762 [Test worker] DEBUG org.springframework.test.context.support.AbstractContextLoader - Did not detect default resource location for test class [com.spring.boot.e2e.Spring.Boot.E2E.SpringBootE2EApplicationTests]: class path resource [com/spring/boot/e2e/Spring/Boot/E2E/SpringBootE2EApplicationTests-context.xml] does not exist
10:19:58.763 [Test worker] DEBUG org.springframework.test.context.support.AbstractContextLoader - Did not detect default resource location for test class [com.spring.boot.e2e.Spring.Boot.E2E.SpringBootE2EApplicationTests]: class path resource [com/spring/boot/e2e/Spring/Boot/E2E/SpringBootE2EApplicationTestsContext.groovy] does not exist
10:19:58.763 [Test worker] INFO org.springframework.test.context.support.AbstractContextLoader - Could not detect default resource locations for test class [com.spring.boot.e2e.Spring.Boot.E2E.SpringBootE2EApplicationTests]: no resource found for suffixes {-context.xml, Context.groovy}.
10:19:58.764 [Test worker] INFO org.springframework.test.context.support.AnnotationConfigContextLoaderUtils - Could not detect default configuration classes for test class [com.spring.boot.e2e.Spring.Boot.E2E.SpringBootE2EApplicationTests]: SpringBootE2EApplicationTests does not declare any static, non-private, non-final, nested classes annotated with @Configuration.
10:19:58.806 [Test worker] DEBUG org.springframework.test.context.support.ActiveProfilesUtils - Could not find an 'annotation declaring class' for annotation type [org.springframework.test.context.ActiveProfiles] and class [com.spring.boot.e2e.Spring.Boot.E2E.SpringBootE2EApplicationTests]
10:19:58.886 [Test worker] DEBUG org.springframework.context.annotation.ClassPathScanningCandidateComponentProvider - Identified candidate component class: file [/Users/eugenewong/Documents/palo-it-bench/spring-boot-e2e/build/classes/kotlin/main/com/spring/boot/e2e/Spring/Boot/E2E/SpringBootE2EApplication.class]
10:19:58.888 [Test worker] INFO org.springframework.boot.test.context.SpringBootTestContextBootstrapper - Found @SpringBootConfiguration com.spring.boot.e2e.Spring.Boot.E2E.SpringBootE2EApplication for test class com.spring.boot.e2e.Spring.Boot.E2E.SpringBootE2EApplicationTests
10:19:58.984 [Test worker] DEBUG org.springframework.boot.test.context.SpringBootTestContextBootstrapper - @TestExecutionListeners is not present for class [com.spring.boot.e2e.Spring.Boot.E2E.SpringBootE2EApplicationTests]: using defaults.
10:19:58.985 [Test worker] INFO org.springframework.boot.test.context.SpringBootTestContextBootstrapper - Loaded default TestExecutionListener class names from location [META-INF/spring.factories]: [org.springframework.boot.test.autoconfigure.restdocs.RestDocsTestExecutionListener, org.springframework.boot.test.autoconfigure.web.client.MockRestServiceServerResetTestExecutionListener, org.springframework.boot.test.autoconfigure.web.servlet.MockMvcPrintOnlyOnFailureTestExecutionListener, org.springframework.boot.test.autoconfigure.web.servlet.WebDriverTestExecutionListener, org.springframework.boot.test.mock.mockito.MockitoTestExecutionListener, org.springframework.boot.test.mock.mockito.ResetMocksTestExecutionListener, org.springframework.test.context.web.ServletTestExecutionListener, org.springframework.test.context.support.DirtiesContextBeforeModesTestExecutionListener, org.springframework.test.context.support.DependencyInjectionTestExecutionListener, org.springframework.test.context.support.DirtiesContextTestExecutionListener, org.springframework.test.context.transaction.TransactionalTestExecutionListener, org.springframework.test.context.jdbc.SqlScriptsTestExecutionListener, org.springframework.test.context.event.EventPublishingTestExecutionListener]
10:19:58.996 [Test worker] DEBUG org.springframework.boot.test.context.SpringBootTestContextBootstrapper - Skipping candidate TestExecutionListener [org.springframework.test.context.transaction.TransactionalTestExecutionListener] due to a missing dependency. Specify custom listener classes or make the default listener classes and their required dependencies available. Offending class: [org/springframework/transaction/interceptor/TransactionAttributeSource]
10:19:58.996 [Test worker] DEBUG org.springframework.boot.test.context.SpringBootTestContextBootstrapper - Skipping candidate TestExecutionListener [org.springframework.test.context.jdbc.SqlScriptsTestExecutionListener] due to a missing dependency. Specify custom listener classes or make the default listener classes and their required dependencies available. Offending class: [org/springframework/transaction/interceptor/TransactionAttribute]
10:19:58.997 [Test worker] INFO org.springframework.boot.test.context.SpringBootTestContextBootstrapper - Using TestExecutionListeners: [org.springframework.test.context.web.ServletTestExecutionListener@5c52d686, org.springframework.test.context.support.DirtiesContextBeforeModesTestExecutionListener@16c4ebd, org.springframework.boot.test.mock.mockito.MockitoTestExecutionListener@4856154d, org.springframework.boot.test.autoconfigure.SpringBootDependencyInjectionTestExecutionListener@61e31cf7, org.springframework.test.context.support.DirtiesContextTestExecutionListener@2bcf00ab, org.springframework.test.context.event.EventPublishingTestExecutionListener@4835bac9, org.springframework.boot.test.autoconfigure.restdocs.RestDocsTestExecutionListener@303122ff, org.springframework.boot.test.autoconfigure.web.client.MockRestServiceServerResetTestExecutionListener@49cc84aa, org.springframework.boot.test.autoconfigure.web.servlet.MockMvcPrintOnlyOnFailureTestExecutionListener@1a550f60, org.springframework.boot.test.autoconfigure.web.servlet.WebDriverTestExecutionListener@7fd30d11, org.springframework.boot.test.mock.mockito.ResetMocksTestExecutionListener@464ceece]
10:19:59.002 [Test worker] DEBUG org.springframework.test.context.support.AbstractDirtiesContextTestExecutionListener - Before test class: context [DefaultTestContext@5a0fecf6 testClass = SpringBootE2EApplicationTests, testInstance = [null], testMethod = [null], testException = [null], mergedContextConfiguration = [WebMergedContextConfiguration@3f67fad8 testClass = SpringBootE2EApplicationTests, locations = '{}', classes = '{class com.spring.boot.e2e.Spring.Boot.E2E.SpringBootE2EApplication}', contextInitializerClasses = '[]', activeProfiles = '{}', propertySourceLocations = '{}', propertySourceProperties = '{org.springframework.boot.test.context.SpringBootTestContextBootstrapper=true}', contextCustomizers = set[org.springframework.boot.test.autoconfigure.properties.PropertyMappingContextCustomizer@0, org.springframework.boot.test.autoconfigure.web.servlet.WebDriverContextCustomizerFactory$Customizer@5fb1ed0b, org.springframework.boot.test.context.filter.ExcludeFilterContextCustomizer@6d91a645, org.springframework.boot.test.json.DuplicateJsonObjectContextCustomizerFactory$DuplicateJsonObjectContextCustomizer@171f1380, org.springframework.boot.test.mock.mockito.MockitoContextCustomizer@0, org.springframework.boot.test.web.client.TestRestTemplateContextCustomizer@51064934], resourceBasePath = 'src/main/webapp', contextLoader = 'org.springframework.boot.test.context.SpringBootContextLoader', parent = [null]], attributes = map['org.springframework.test.context.web.ServletTestExecutionListener.activateListener' -> true]], class annotated with @DirtiesContext [false] with mode [null].
10:19:59.031 [Test worker] DEBUG org.springframework.test.context.support.TestPropertySourceUtils - Adding inlined properties to environment: {spring.jmx.enabled=false, org.springframework.boot.test.context.SpringBootTestContextBootstrapper=true, server.port=-1}

  .   ____          _            __ _ _
 /\\ / ___'_ __ _ _(_)_ __  __ _ \ \ \ \
( ( )\___ | '_ | '_| | '_ \/ _` | \ \ \ \
 \\/  ___)| |_)| | | | | || (_| |  ) ) ) )
  '  |____| .__|_| |_|_| |_\__, | / / / /
 =========|_|==============|___/=/_/_/_/
 :: Spring Boot ::        (v2.2.2.RELEASE)

2020-01-06 10:19:59.253  INFO 10512 --- [    Test worker] .b.e.S.B.E.SpringBootE2EApplicationTests : Starting SpringBootE2EApplicationTests on A.local with PID 10512 (started by eugenewong in /Users/eugenewong/Documents/palo-it-bench/spring-boot-e2e)
2020-01-06 10:19:59.254  INFO 10512 --- [    Test worker] .b.e.S.B.E.SpringBootE2EApplicationTests : No active profile set, falling back to default profiles: default
2020-01-06 10:20:00.911  INFO 10512 --- [    Test worker] o.s.s.concurrent.ThreadPoolTaskExecutor  : Initializing ExecutorService 'applicationTaskExecutor'
2020-01-06 10:20:01.381  INFO 10512 --- [    Test worker] .b.e.S.B.E.SpringBootE2EApplicationTests : Started SpringBootE2EApplicationTests in 2.34 seconds (JVM running for 3.718)
]]></system-out>
  <system-err><![CDATA[]]></system-err>
</testsuite>
